# JRE version: Java(TM) SE Runtime Environment (23.0.1+11) (build 23.0.1+11-39)
# Java VM: Java HotSpot(TM) 64-Bit Server VM (23.0.1+11-39, mixed mode, emulated-client, sharing, tiered, compressed oops, compressed class ptrs, g1 gc, windows-amd64)
GC Precious Log:
 CardTable entry size: 512
 Card Set container configuration: InlinePtr #cards 4 size 8 Array Of Cards #cards 64 size 144 Howl #buckets 8 coarsen threshold 14745 Howl Bitmap #cards 2048 size 272 coarsen threshold 1843 Card regions per heap region 1 cards per card region 16384
 CPUs: 32 total, 32 available
 Memory: 65303M
 Large Page Support: Disabled
 NUMA Support: Disabled
 Compressed Oops: Enabled (Zero based)
 Heap Region Size: 8M
 Heap Min Capacity: 8M
 Heap Initial Capacity: 1G
 Heap Max Capacity: 16328M
 Pre-touch: Disabled
 Parallel Workers: 23
 Concurrent Workers: 6
 Concurrent Refinement Workers: 23
 Periodic GC: Disabled
Heap:
 garbage-first heap   total reserved 16719872K, committed 114688K, used 50024K [0x0000000403800000, 0x0000000800000000)
  region size 8192K, 4 young (32768K), 1 survivors (8192K)
 Metaspace       used 75864K, committed 76672K, reserved 1179648K
  class space    used 10661K, committed 11008K, reserved 1048576K
GC Heap History (20 events):
Event: 4721.361 GC heap after
{Heap after GC invocations=60 (full 22):
 garbage-first heap   total reserved 16719872K, committed 114688K, used 28122K [0x0000000403800000, 0x0000000800000000)
  region size 8192K, 0 young (0K), 0 survivors (0K)
 Metaspace       used 75646K, committed 76608K, reserved 1179648K
  class space    used 10638K, committed 11008K, reserved 1048576K
}
Event: 4721.618 GC heap before
{Heap before GC invocations=60 (full 22):
 garbage-first heap   total reserved 16719872K, committed 114688K, used 93658K [0x0000000403800000, 0x0000000800000000)
  region size 8192K, 8 young (65536K), 0 survivors (0K)
 Metaspace       used 75819K, committed 76608K, reserved 1179648K
  class space    used 10651K, committed 11008K, reserved 1048576K
}
Event: 4721.620 GC heap after
{Heap after GC invocations=61 (full 22):
 garbage-first heap   total reserved 16719872K, committed 114688K, used 33226K [0x0000000403800000, 0x0000000800000000)
  region size 8192K, 1 young (8192K), 1 survivors (8192K)
 Metaspace       used 75819K, committed 76608K, reserved 1179648K
  class space    used 10651K, committed 11008K, reserved 1048576K
}
Event: 4794.722 GC heap before
{Heap before GC invocations=61 (full 22):
 garbage-first heap   total reserved 16719872K, committed 114688K, used 41418K [0x0000000403800000, 0x0000000800000000)
  region size 8192K, 3 young (24576K), 1 survivors (8192K)
 Metaspace       used 75821K, committed 76672K, reserved 1179648K
  class space    used 10651K, committed 11008K, reserved 1048576K
}
Event: 4794.767 GC heap after
{Heap after GC invocations=62 (full 23):
 garbage-first heap   total reserved 16719872K, committed 114688K, used 27945K [0x0000000403800000, 0x0000000800000000)
  region size 8192K, 0 young (0K), 0 survivors (0K)
 Metaspace       used 75645K, committed 76544K, reserved 1179648K
  class space    used 10637K, committed 11008K, reserved 1048576K
}
Event: 4795.032 GC heap before
{Heap before GC invocations=62 (full 23):
 garbage-first heap   total reserved 16719872K, committed 114688K, used 93481K [0x0000000403800000, 0x0000000800000000)
  region size 8192K, 8 young (65536K), 0 survivors (0K)
 Metaspace       used 75820K, committed 76608K, reserved 1179648K
  class space    used 10651K, committed 11008K, reserved 1048576K
}
Event: 4795.034 GC heap after
{Heap after GC invocations=63 (full 23):
 garbage-first heap   total reserved 16719872K, committed 114688K, used 33221K [0x0000000403800000, 0x0000000800000000)
  region size 8192K, 1 young (8192K), 1 survivors (8192K)
 Metaspace       used 75820K, committed 76608K, reserved 1179648K
  class space    used 10651K, committed 11008K, reserved 1048576K
}
Event: 4928.662 GC heap before
{Heap before GC invocations=63 (full 23):
 garbage-first heap   total reserved 16719872K, committed 114688K, used 41413K [0x0000000403800000, 0x0000000800000000)
  region size 8192K, 3 young (24576K), 1 survivors (8192K)
 Metaspace       used 75825K, committed 76672K, reserved 1179648K
  class space    used 10652K, committed 11008K, reserved 1048576K
}
Event: 4928.710 GC heap after
{Heap after GC invocations=64 (full 24):
 garbage-first heap   total reserved 16719872K, committed 114688K, used 28039K [0x0000000403800000, 0x0000000800000000)
  region size 8192K, 0 young (0K), 0 survivors (0K)
 Metaspace       used 75650K, committed 76544K, reserved 1179648K
  class space    used 10638K, committed 11008K, reserved 1048576K
}
Event: 4928.959 GC heap before
{Heap before GC invocations=64 (full 24):
 garbage-first heap   total reserved 16719872K, committed 114688K, used 93575K [0x0000000403800000, 0x0000000800000000)
  region size 8192K, 8 young (65536K), 0 survivors (0K)
 Metaspace       used 75823K, committed 76608K, reserved 1179648K
  class space    used 10651K, committed 11008K, reserved 1048576K
}
Event: 4928.961 GC heap after
{Heap after GC invocations=65 (full 24):
 garbage-first heap   total reserved 16719872K, committed 114688K, used 33240K [0x0000000403800000, 0x0000000800000000)
  region size 8192K, 1 young (8192K), 1 survivors (8192K)
 Metaspace       used 75823K, committed 76608K, reserved 1179648K
  class space    used 10651K, committed 11008K, reserved 1048576K
}
Event: 5033.279 GC heap before
{Heap before GC invocations=65 (full 24):
 garbage-first heap   total reserved 16719872K, committed 114688K, used 41432K [0x0000000403800000, 0x0000000800000000)
  region size 8192K, 3 young (24576K), 1 survivors (8192K)
 Metaspace       used 75827K, committed 76672K, reserved 1179648K
  class space    used 10652K, committed 11008K, reserved 1048576K
}
Event: 5033.324 GC heap after
{Heap after GC invocations=66 (full 25):
 garbage-first heap   total reserved 16719872K, committed 114688K, used 28527K [0x0000000403800000, 0x0000000800000000)
  region size 8192K, 0 young (0K), 0 survivors (0K)
 Metaspace       used 75649K, committed 76544K, reserved 1179648K
  class space    used 10637K, committed 11008K, reserved 1048576K
}
Event: 5033.588 GC heap before
{Heap before GC invocations=66 (full 25):
 garbage-first heap   total reserved 16719872K, committed 114688K, used 94063K [0x0000000403800000, 0x0000000800000000)
  region size 8192K, 8 young (65536K), 0 survivors (0K)
 Metaspace       used 75837K, committed 76672K, reserved 1179648K
  class space    used 10654K, committed 11008K, reserved 1048576K
}
Event: 5033.590 GC heap after
{Heap after GC invocations=67 (full 25):
 garbage-first heap   total reserved 16719872K, committed 114688K, used 33663K [0x0000000403800000, 0x0000000800000000)
  region size 8192K, 1 young (8192K), 1 survivors (8192K)
 Metaspace       used 75837K, committed 76672K, reserved 1179648K
  class space    used 10654K, committed 11008K, reserved 1048576K
}
Event: 5052.192 GC heap before
{Heap before GC invocations=67 (full 25):
 garbage-first heap   total reserved 16719872K, committed 114688K, used 41855K [0x0000000403800000, 0x0000000800000000)
  region size 8192K, 3 young (24576K), 1 survivors (8192K)
 Metaspace       used 75841K, committed 76672K, reserved 1179648K
  class space    used 10655K, committed 11008K, reserved 1048576K
}
Event: 5052.236 GC heap after
{Heap after GC invocations=68 (full 26):
 garbage-first heap   total reserved 16719872K, committed 114688K, used 27992K [0x0000000403800000, 0x0000000800000000)
  region size 8192K, 0 young (0K), 0 survivors (0K)
 Metaspace       used 75653K, committed 76608K, reserved 1179648K
  class space    used 10639K, committed 11008K, reserved 1048576K
}
Event: 5052.486 GC heap before
{Heap before GC invocations=68 (full 26):
 garbage-first heap   total reserved 16719872K, committed 114688K, used 93528K [0x0000000403800000, 0x0000000800000000)
  region size 8192K, 8 young (65536K), 0 survivors (0K)
 Metaspace       used 75836K, committed 76672K, reserved 1179648K
  class space    used 10654K, committed 11008K, reserved 1048576K
}
Event: 5052.488 GC heap after
{Heap after GC invocations=69 (full 26):
 garbage-first heap   total reserved 16719872K, committed 114688K, used 33455K [0x0000000403800000, 0x0000000800000000)
  region size 8192K, 1 young (8192K), 1 survivors (8192K)
 Metaspace       used 75836K, committed 76672K, reserved 1179648K
  class space    used 10654K, committed 11008K, reserved 1048576K
}
Event: 5144.529 GC heap before
{Heap before GC invocations=69 (full 26):
 garbage-first heap   total reserved 16719872K, committed 114688K, used 49839K [0x0000000403800000, 0x0000000800000000)
  region size 8192K, 4 young (32768K), 1 survivors (8192K)
 Metaspace       used 75864K, committed 76672K, reserved 1179648K
  class space    used 10661K, committed 11008K, reserved 1048576K
}

