<?xml version="1.0" encoding="UTF-8"?>
<testsuite xmlns:xsi="http://www.w3.org/2001/XMLSchema-instance" xsi:noNamespaceSchemaLocation="https://maven.apache.org/surefire/maven-surefire-plugin/xsd/surefire-test-report.xsd" version="3.0.2" name="com.microsservice_feedMessage.FeedMessageApplicationTests" time="0.985" tests="2" errors="0" skipped="0" failures="0">
  <properties>
[...]
</properties>
  <testcase name="testMain" classname="com.microsservice_feedMessage.FeedMessageApplicationTests" time="0.452">
    <system-out><![CDATA[2024-11-29T16:39:02.476-03:00  INFO 18252 --- [           main] t.c.s.AnnotationConfigContextLoaderUtils : Could not detect default configuration classes for test class [com.microsservice_feedMessage.FeedMessageApplicationTests]: FeedMessageApplicationTests does not declare any static, non-private, non-final, nested classes annotated with @Configuration.
2024-11-29T16:39:02.482-03:00  INFO 18252 --- [           main] .b.t.c.SpringBootTestContextBootstrapper : Found @SpringBootConfiguration com.microsservice_feedMessage.FeedMessageApplication for test class com.microsservice_feedMessage.FeedMessageApplicationTests
2024-11-29T16:39:02.487-03:00  INFO 18252 --- [           main] o.s.b.d.r.RestartApplicationListener     : Restart disabled due to context in which it is running

  .   ____          _            __ _ _
 /\\ / ___'_ __ _ _(_)_ __  __ _ \ \ \ \
( ( )\___ | '_ | '_| | '_ \/ _` | \ \ \ \
 \\/  ___)| |_)| | | | | || (_| |  ) ) ) )
  '  |____| .__|_| |_|_| |_\__, | / / / /
 =========|_|==============|___/=/_/_/_/

 :: Spring Boot ::                (v3.4.0)

2024-11-29T16:39:02.507-03:00  INFO 18252 --- [           main] c.m.FeedMessageApplicationTests          : Starting FeedMessageApplicationTests using Java 23.0.1 with PID 18252 (started by Marcos in F:\BACKEND\microsservice_MessageFeed)
2024-11-29T16:39:02.507-03:00  INFO 18252 --- [           main] c.m.FeedMessageApplicationTests          : No active profile set, falling back to 1 default profile: "default"
2024-11-29T16:39:02.593-03:00  INFO 18252 --- [           main] .s.d.r.c.RepositoryConfigurationDelegate : Bootstrapping Spring Data JPA repositories in DEFAULT mode.
2024-11-29T16:39:02.598-03:00  INFO 18252 --- [           main] .s.d.r.c.RepositoryConfigurationDelegate : Finished Spring Data repository scanning in 3 ms. Found 1 JPA repository interface.
2024-11-29T16:39:02.645-03:00  INFO 18252 --- [           main] o.hibernate.jpa.internal.util.LogHelper  : HHH000204: Processing PersistenceUnitInfo [name: default]
2024-11-29T16:39:02.647-03:00  INFO 18252 --- [           main] o.h.c.internal.RegionFactoryInitiator    : HHH000026: Second-level cache disabled
2024-11-29T16:39:02.652-03:00  INFO 18252 --- [           main] o.s.o.j.p.SpringPersistenceUnitInfo      : No LoadTimeWeaver setup: ignoring JPA class transformer
2024-11-29T16:39:02.653-03:00  INFO 18252 --- [           main] com.zaxxer.hikari.HikariDataSource       : HikariPool-2 - Starting...
2024-11-29T16:39:02.663-03:00  INFO 18252 --- [           main] com.zaxxer.hikari.pool.HikariPool        : HikariPool-2 - Added connection ConnectionID:11 ClientConnectionId: 97285aef-3340-4bfe-ac97-0a52adc3f274
2024-11-29T16:39:02.663-03:00  INFO 18252 --- [           main] com.zaxxer.hikari.HikariDataSource       : HikariPool-2 - Start completed.
2024-11-29T16:39:02.665-03:00  INFO 18252 --- [           main] org.hibernate.orm.connections.pooling    : HHH10001005: Database info:
	Database JDBC URL [Connecting through datasource 'HikariDataSource (HikariPool-2)']
	Database driver: undefined/unknown
	Database version: 16.0
	Autocommit mode: undefined/unknown
	Isolation level: undefined/unknown
	Minimum pool size: undefined/unknown
	Maximum pool size: undefined/unknown
2024-11-29T16:39:02.689-03:00  INFO 18252 --- [           main] o.h.e.t.j.p.i.JtaPlatformInitiator       : HHH000489: No JTA platform available (set 'hibernate.transaction.jta.platform' to enable JTA platform integration)
2024-11-29T16:39:02.690-03:00  INFO 18252 --- [           main] j.LocalContainerEntityManagerFactoryBean : Initialized JPA EntityManagerFactory for persistence unit 'default'
2024-11-29T16:39:02.726-03:00  WARN 18252 --- [           main] JpaBaseConfiguration$JpaWebConfiguration : spring.jpa.open-in-view is enabled by default. Therefore, database queries may be performed during view rendering. Explicitly configure spring.jpa.open-in-view to disable this warning
2024-11-29T16:39:02.802-03:00  INFO 18252 --- [           main] c.m.FeedMessageApplicationTests          : Started FeedMessageApplicationTests in 0.315 seconds (process running for 4.785)
2024-11-29T16:39:03.032-03:00  INFO 18252 --- [           main] o.s.b.d.r.RestartApplicationListener     : Restart disabled due to context in which it is running

  .   ____          _            __ _ _
 /\\ / ___'_ __ _ _(_)_ __  __ _ \ \ \ \
( ( )\___ | '_ | '_| | '_ \/ _` | \ \ \ \
 \\/  ___)| |_)| | | | | || (_| |  ) ) ) )
  '  |____| .__|_| |_|_| |_\__, | / / / /
 =========|_|==============|___/=/_/_/_/

 :: Spring Boot ::                (v3.4.0)

2024-11-29T16:39:03.049-03:00  INFO 18252 --- [           main] c.m.FeedMessageApplication               : Starting FeedMessageApplication using Java 23.0.1 with PID 18252 (started by Marcos in F:\BACKEND\microsservice_MessageFeed)
2024-11-29T16:39:03.049-03:00  INFO 18252 --- [           main] c.m.FeedMessageApplication               : No active profile set, falling back to 1 default profile: "default"
2024-11-29T16:39:03.123-03:00  INFO 18252 --- [           main] .s.d.r.c.RepositoryConfigurationDelegate : Bootstrapping Spring Data JPA repositories in DEFAULT mode.
2024-11-29T16:39:03.127-03:00  INFO 18252 --- [           main] .s.d.r.c.RepositoryConfigurationDelegate : Finished Spring Data repository scanning in 3 ms. Found 1 JPA repository interface.
2024-11-29T16:39:03.245-03:00  INFO 18252 --- [           main] o.s.b.w.embedded.tomcat.TomcatWebServer  : Tomcat initialized with port 8081 (http)
2024-11-29T16:39:03.254-03:00  INFO 18252 --- [           main] o.apache.catalina.core.StandardService   : Starting service [Tomcat]
2024-11-29T16:39:03.254-03:00  INFO 18252 --- [           main] o.apache.catalina.core.StandardEngine    : Starting Servlet engine: [Apache Tomcat/10.1.33]
2024-11-29T16:39:03.292-03:00  INFO 18252 --- [           main] o.a.c.c.C.[Tomcat].[localhost].[/]       : Initializing Spring embedded WebApplicationContext
2024-11-29T16:39:03.293-03:00  INFO 18252 --- [           main] w.s.c.ServletWebServerApplicationContext : Root WebApplicationContext: initialization completed in 244 ms
2024-11-29T16:39:03.321-03:00  INFO 18252 --- [           main] o.hibernate.jpa.internal.util.LogHelper  : HHH000204: Processing PersistenceUnitInfo [name: default]
2024-11-29T16:39:03.324-03:00  INFO 18252 --- [           main] o.h.c.internal.RegionFactoryInitiator    : HHH000026: Second-level cache disabled
2024-11-29T16:39:03.329-03:00  INFO 18252 --- [           main] o.s.o.j.p.SpringPersistenceUnitInfo      : No LoadTimeWeaver setup: ignoring JPA class transformer
2024-11-29T16:39:03.329-03:00  INFO 18252 --- [           main] com.zaxxer.hikari.HikariDataSource       : HikariPool-3 - Starting...
2024-11-29T16:39:03.338-03:00  INFO 18252 --- [           main] com.zaxxer.hikari.pool.HikariPool        : HikariPool-3 - Added connection ConnectionID:21 ClientConnectionId: be7effb6-8a91-48fe-872c-ef6b37559755
2024-11-29T16:39:03.338-03:00  INFO 18252 --- [           main] com.zaxxer.hikari.HikariDataSource       : HikariPool-3 - Start completed.
2024-11-29T16:39:03.339-03:00  INFO 18252 --- [           main] org.hibernate.orm.connections.pooling    : HHH10001005: Database info:
	Database JDBC URL [Connecting through datasource 'HikariDataSource (HikariPool-3)']
	Database driver: undefined/unknown
	Database version: 16.0
	Autocommit mode: undefined/unknown
	Isolation level: undefined/unknown
	Minimum pool size: undefined/unknown
	Maximum pool size: undefined/unknown
2024-11-29T16:39:03.358-03:00  INFO 18252 --- [           main] o.h.e.t.j.p.i.JtaPlatformInitiator       : HHH000489: No JTA platform available (set 'hibernate.transaction.jta.platform' to enable JTA platform integration)
2024-11-29T16:39:03.359-03:00  INFO 18252 --- [           main] j.LocalContainerEntityManagerFactoryBean : Initialized JPA EntityManagerFactory for persistence unit 'default'
2024-11-29T16:39:03.373-03:00  WARN 18252 --- [           main] JpaBaseConfiguration$JpaWebConfiguration : spring.jpa.open-in-view is enabled by default. Therefore, database queries may be performed during view rendering. Explicitly configure spring.jpa.open-in-view to disable this warning
2024-11-29T16:39:03.438-03:00  INFO 18252 --- [           main] o.s.b.w.embedded.tomcat.TomcatWebServer  : Tomcat started on port 8081 (http) with context path '/'
2024-11-29T16:39:03.440-03:00  INFO 18252 --- [           main] c.m.FeedMessageApplication               : Started FeedMessageApplication in 0.408 seconds (process running for 5.424)
2024-11-29T16:39:03.442-03:00  INFO 18252 --- [           main] c.m.FeedMessageApplication               : 
 ********************** 
	Aplicacao null iniciada com sucesso!
	Disponivel nos enderecos:
	Local: http://localhost:8081
	Externo: null
	Swagger Url: null
	Local Swagger Url: http://localhost:8081

]]></system-out>
  </testcase>
  <testcase name="contextLoads" classname="com.microsservice_feedMessage.FeedMessageApplicationTests" time="0.003"/>
</testsuite>